2010-10-09 15:46:47 Debug: Notice (1024): Please change the value of 'Security.salt' in app/config/core.php to a salt value specific to your application in [C:\xampplite\htdocs\aptana\events\cake\libs\debugger.php, line 684]
2010-10-09 15:46:47 Debug: Notice (1024): Please change the value of 'Security.cipherSeed' in app/config/core.php to a numeric (digits only) seed value specific to your application in [C:\xampplite\htdocs\aptana\events\cake\libs\debugger.php, line 688]
2010-10-09 16:07:46 Debug: Notice (1024): Please change the value of 'Security.salt' in app/config/core.php to a salt value specific to your application in [C:\xampplite\htdocs\aptana\hackny\cake\libs\debugger.php, line 684]
2010-10-09 16:07:46 Debug: Notice (1024): Please change the value of 'Security.cipherSeed' in app/config/core.php to a numeric (digits only) seed value specific to your application in [C:\xampplite\htdocs\aptana\hackny\cake\libs\debugger.php, line 688]
2010-10-09 16:30:39 Debug: Notice (1024): Please change the value of 'Security.salt' in app/config/core.php to a salt value specific to your application in [C:\xampplite\htdocs\aptana\hackny\cake\libs\debugger.php, line 684]
2010-10-09 16:30:39 Debug: Notice (1024): Please change the value of 'Security.cipherSeed' in app/config/core.php to a numeric (digits only) seed value specific to your application in [C:\xampplite\htdocs\aptana\hackny\cake\libs\debugger.php, line 688]
2010-10-09 17:00:21 Debug: Notice (1024): Please change the value of 'Security.salt' in app/config/core.php to a salt value specific to your application in [C:\xampplite\htdocs\aptana\hackny\cake\libs\debugger.php, line 684]
2010-10-09 17:00:21 Debug: Notice (1024): Please change the value of 'Security.cipherSeed' in app/config/core.php to a numeric (digits only) seed value specific to your application in [C:\xampplite\htdocs\aptana\hackny\cake\libs\debugger.php, line 688]
2010-10-09 17:00:29 Debug: Notice (1024): Please change the value of 'Security.salt' in app/config/core.php to a salt value specific to your application in [C:\xampplite\htdocs\aptana\hackny\cake\libs\debugger.php, line 684]
2010-10-09 17:00:29 Debug: Notice (1024): Please change the value of 'Security.cipherSeed' in app/config/core.php to a numeric (digits only) seed value specific to your application in [C:\xampplite\htdocs\aptana\hackny\cake\libs\debugger.php, line 688]
2010-10-09 17:05:58 Debug: Notice (1024): Please change the value of 'Security.salt' in app/config/core.php to a salt value specific to your application in [C:\xampplite\htdocs\aptana\hackny\cake\libs\debugger.php, line 684]
2010-10-09 17:05:58 Debug: Notice (1024): Please change the value of 'Security.cipherSeed' in app/config/core.php to a numeric (digits only) seed value specific to your application in [C:\xampplite\htdocs\aptana\hackny\cake\libs\debugger.php, line 688]
2010-10-09 17:08:44 Debug: Notice (8): Undefined property: Site::$edit_key in [C:\xampplite\htdocs\aptana\hackny\app\controllers\sites_controller.php, line 17]
2010-10-09 17:09:21 Debug: Notice (8): Undefined property: Site::$edit_key in [C:\xampplite\htdocs\aptana\hackny\app\controllers\sites_controller.php, line 17]
2010-10-09 17:09:59 Debug: Notice (8): Undefined property: Site::$edit_key in [C:\xampplite\htdocs\aptana\hackny\app\controllers\sites_controller.php, line 17]
2010-10-09 17:10:14 Debug: Notice (8): Undefined property: Site::$edit_key in [C:\xampplite\htdocs\aptana\hackny\app\controllers\sites_controller.php, line 17]
2010-10-09 17:10:14 Debug: Notice (8): Undefined property: Site::$edit_key in [C:\xampplite\htdocs\aptana\hackny\app\controllers\sites_controller.php, line 18]
2010-10-09 17:10:25 Debug: Notice (8): Undefined property: Site::$editKey in [C:\xampplite\htdocs\aptana\hackny\app\controllers\sites_controller.php, line 17]
2010-10-09 17:10:25 Debug: Notice (8): Undefined property: Site::$edit_key in [C:\xampplite\htdocs\aptana\hackny\app\controllers\sites_controller.php, line 18]
2010-10-09 17:18:22 Debug: Notice (8): Undefined property: Site::$editKey in [C:\xampplite\htdocs\aptana\hackny\app\controllers\sites_controller.php, line 20]
2010-10-09 17:18:22 Debug: Notice (8): Undefined property: Site::$edit_key in [C:\xampplite\htdocs\aptana\hackny\app\controllers\sites_controller.php, line 21]
2010-10-09 17:19:10 Debug: Notice (8): Undefined property: Site::$editKey in [C:\xampplite\htdocs\aptana\hackny\app\controllers\sites_controller.php, line 20]
2010-10-09 17:19:10 Debug: Notice (8): Undefined property: Site::$edit_key in [C:\xampplite\htdocs\aptana\hackny\app\controllers\sites_controller.php, line 21]
2010-10-09 17:21:13 Debug: Notice (8): Undefined property: Site::$edit_key in [C:\xampplite\htdocs\aptana\hackny\app\controllers\sites_controller.php, line 21]
2010-10-09 18:44:47 Debug: Notice (8): Undefined index:  Site in [C:\xampp\htdocs\Aptana\hackny\app\controllers\sites_controller.php, line 62]
2010-10-09 18:48:43 Debug: Notice (8): Undefined index:  Site in [C:\xampp\htdocs\Aptana\hackny\app\controllers\sites_controller.php, line 62]
2010-10-09 19:02:13 Debug: Notice (1024): Please change the value of 'Security.salt' in app/config/core.php to a salt value specific to your application in [C:\xampp\htdocs\Aptana\hackny\cake\libs\debugger.php, line 684]
2010-10-09 19:02:13 Debug: Notice (1024): Please change the value of 'Security.cipherSeed' in app/config/core.php to a numeric (digits only) seed value specific to your application in [C:\xampp\htdocs\Aptana\hackny\cake\libs\debugger.php, line 688]
2010-10-09 19:03:45 Debug: Notice (1024): Please change the value of 'Security.salt' in app/config/core.php to a salt value specific to your application in [C:\xampp\htdocs\Aptana\hackny\cake\libs\debugger.php, line 684]
2010-10-09 19:03:45 Debug: Notice (1024): Please change the value of 'Security.cipherSeed' in app/config/core.php to a numeric (digits only) seed value specific to your application in [C:\xampp\htdocs\Aptana\hackny\cake\libs\debugger.php, line 688]
2010-10-09 19:04:12 Debug: Notice (1024): Please change the value of 'Security.salt' in app/config/core.php to a salt value specific to your application in [C:\xampp\htdocs\Aptana\hackny\cake\libs\debugger.php, line 684]
2010-10-09 19:04:12 Debug: Notice (1024): Please change the value of 'Security.cipherSeed' in app/config/core.php to a numeric (digits only) seed value specific to your application in [C:\xampp\htdocs\Aptana\hackny\cake\libs\debugger.php, line 688]
2010-10-09 19:06:44 Debug: Notice (1024): Please change the value of 'Security.salt' in app/config/core.php to a salt value specific to your application in [C:\xampp\htdocs\Aptana\hackny\cake\libs\debugger.php, line 684]
2010-10-09 19:06:44 Debug: Notice (1024): Please change the value of 'Security.cipherSeed' in app/config/core.php to a numeric (digits only) seed value specific to your application in [C:\xampp\htdocs\Aptana\hackny\cake\libs\debugger.php, line 688]
2010-10-09 19:20:17 Debug: Notice (1024): Please change the value of 'Security.salt' in app/config/core.php to a salt value specific to your application in [C:\xampp\htdocs\Aptana\hackny\cake\libs\debugger.php, line 684]
2010-10-09 19:20:17 Debug: Notice (1024): Please change the value of 'Security.cipherSeed' in app/config/core.php to a numeric (digits only) seed value specific to your application in [C:\xampp\htdocs\Aptana\hackny\cake\libs\debugger.php, line 688]
2010-10-09 19:20:36 Debug: Notice (1024): Please change the value of 'Security.salt' in app/config/core.php to a salt value specific to your application in [C:\xampp\htdocs\Aptana\hackny\cake\libs\debugger.php, line 684]
2010-10-09 19:20:36 Debug: Notice (1024): Please change the value of 'Security.cipherSeed' in app/config/core.php to a numeric (digits only) seed value specific to your application in [C:\xampp\htdocs\Aptana\hackny\cake\libs\debugger.php, line 688]
2010-10-09 19:20:55 Debug: Notice (1024): Please change the value of 'Security.salt' in app/config/core.php to a salt value specific to your application in [C:\xampp\htdocs\Aptana\hackny\cake\libs\debugger.php, line 684]
2010-10-09 19:20:55 Debug: Notice (1024): Please change the value of 'Security.cipherSeed' in app/config/core.php to a numeric (digits only) seed value specific to your application in [C:\xampp\htdocs\Aptana\hackny\cake\libs\debugger.php, line 688]
2010-10-09 19:21:09 Debug: Notice (1024): Please change the value of 'Security.salt' in app/config/core.php to a salt value specific to your application in [C:\xampp\htdocs\Aptana\hackny\cake\libs\debugger.php, line 684]
2010-10-09 19:21:09 Debug: Notice (1024): Please change the value of 'Security.cipherSeed' in app/config/core.php to a numeric (digits only) seed value specific to your application in [C:\xampp\htdocs\Aptana\hackny\cake\libs\debugger.php, line 688]
2010-10-09 19:24:29 Debug: Notice (1024): Please change the value of 'Security.salt' in app/config/core.php to a salt value specific to your application in [C:\xampp\htdocs\Aptana\hackny\cake\libs\debugger.php, line 684]
2010-10-09 19:24:29 Debug: Notice (1024): Please change the value of 'Security.cipherSeed' in app/config/core.php to a numeric (digits only) seed value specific to your application in [C:\xampp\htdocs\Aptana\hackny\cake\libs\debugger.php, line 688]
